<?xml version="1.0" encoding="UTF-8"?>
<!-- Generated by org.testng.reporters.JUnitXMLReporter -->
<testsuite ignored="0" hostname="DESKTOP-ASKPHP8" failures="0" tests="3" name="Test" time="0.404" errors="0" timestamp="2025-12-03T12:30:48 IST">
  <testcase classname="github.GithubPracticeTest" name="githubPracticeTest" time="0.063"/>
  <testcase classname="jenkins.JenkinsPracticeTest" name="jenkinsPracticetest" time="0.01"/>
  <testcase classname="maven.MavenPracticeTest" name="mavenPracticeTest" time="0.011"/>
</testsuite> <!-- Test -->
