<?xml version="1.0" encoding="UTF-8"?>
<testng-results ignored="0" total="3" passed="3" failed="0" skipped="0">
  <reporter-output>
    <line>
      <![CDATA[github]]>
    </line>
    <line>
      <![CDATA[jenkins]]>
    </line>
    <line>
      <![CDATA[maven]]>
    </line>
  </reporter-output>
  <suite started-at="2025-12-03T12:30:47 IST" name="Suite" finished-at="2025-12-03T12:30:48 IST" duration-ms="404">
    <groups>
    </groups>
    <test started-at="2025-12-03T12:30:47 IST" name="Test" finished-at="2025-12-03T12:30:48 IST" duration-ms="404">
      <class name="maven.MavenPracticeTest">
        <test-method signature="mavenPracticeTest()[pri:0, instance:maven.MavenPracticeTest@47af7f3d]" started-at="2025-12-03T12:30:48 IST" name="mavenPracticeTest" finished-at="2025-12-03T12:30:48 IST" duration-ms="11" status="PASS">
          <reporter-output>
            <line>
              <![CDATA[maven]]>
            </line>
          </reporter-output>
        </test-method> <!-- mavenPracticeTest -->
      </class> <!-- maven.MavenPracticeTest -->
      <class name="jenkins.JenkinsPracticeTest">
        <test-method signature="jenkinsPracticetest()[pri:0, instance:jenkins.JenkinsPracticeTest@74e52303]" started-at="2025-12-03T12:30:48 IST" name="jenkinsPracticetest" finished-at="2025-12-03T12:30:48 IST" duration-ms="10" status="PASS">
          <reporter-output>
            <line>
              <![CDATA[jenkins]]>
            </line>
          </reporter-output>
        </test-method> <!-- jenkinsPracticetest -->
      </class> <!-- jenkins.JenkinsPracticeTest -->
      <class name="github.GithubPracticeTest">
        <test-method signature="githubPracticeTest()[pri:0, instance:github.GithubPracticeTest@32eff876]" started-at="2025-12-03T12:30:47 IST" name="githubPracticeTest" finished-at="2025-12-03T12:30:48 IST" duration-ms="63" status="PASS">
          <reporter-output>
            <line>
              <![CDATA[github]]>
            </line>
          </reporter-output>
        </test-method> <!-- githubPracticeTest -->
      </class> <!-- github.GithubPracticeTest -->
    </test> <!-- Test -->
  </suite> <!-- Suite -->
</testng-results>
