<?xml version="1.0" encoding="UTF-8"?>
<!-- Generated by org.testng.reporters.JUnitReportReporter -->
<testsuite hostname="DESKTOP-ASKPHP8" failures="0" tests="1" name="github.GithubPracticeTest" time="0.063" errors="0" timestamp="2025-12-03T12:30:48 IST" skipped="0">
  <testcase classname="github.GithubPracticeTest" name="githubPracticeTest" time="0.063">
    <system-out>
      <![CDATA[github]]>
    </system-out>
  </testcase> <!-- githubPracticeTest -->
  <system-out>
    <![CDATA[github
jenkins
maven]]>
  </system-out>
</testsuite> <!-- github.GithubPracticeTest -->
