<?xml version="1.0" encoding="UTF-8"?>
<!-- Generated by org.testng.reporters.JUnitReportReporter -->
<testsuite hostname="DESKTOP-ASKPHP8" failures="0" tests="1" name="maven.MavenPracticeTest" time="0.011" errors="0" timestamp="2025-12-03T12:30:48 IST" skipped="0">
  <testcase classname="maven.MavenPracticeTest" name="mavenPracticeTest" time="0.011">
    <system-out>
      <![CDATA[maven]]>
    </system-out>
  </testcase> <!-- mavenPracticeTest -->
  <system-out>
    <![CDATA[github
jenkins
maven]]>
  </system-out>
</testsuite> <!-- maven.MavenPracticeTest -->
