<?xml version="1.0" encoding="UTF-8"?>
<!-- Generated by org.testng.reporters.JUnitReportReporter -->
<testsuite hostname="DESKTOP-ASKPHP8" failures="0" tests="1" name="jenkins.JenkinsPracticeTest" time="0.010" errors="0" timestamp="2025-12-03T12:30:48 IST" skipped="0">
  <testcase classname="jenkins.JenkinsPracticeTest" name="jenkinsPracticetest" time="0.010">
    <system-out>
      <![CDATA[jenkins]]>
    </system-out>
  </testcase> <!-- jenkinsPracticetest -->
  <system-out>
    <![CDATA[github
jenkins
maven]]>
  </system-out>
</testsuite> <!-- jenkins.JenkinsPracticeTest -->
